# JRE version: OpenJDK Runtime Environment Temurin-17.0.11+9 (17.0.11+9) (build 17.0.11+9)
# Java VM: OpenJDK 64-Bit Server VM Temurin-17.0.11+9 (17.0.11+9, mixed mode, emulated-client, tiered, compressed oops, compressed class ptrs, g1 gc, windows-amd64)
GC Precious Log:
 CPUs: 6 total, 6 available
 Memory: 16315M
 Large Page Support: Disabled
 NUMA Support: Disabled
 Compressed Oops: Enabled (32-bit)
 Heap Region Size: 1M
 Heap Min Capacity: 8M
 Heap Initial Capacity: 256M
 Heap Max Capacity: 1G
 Pre-touch: Disabled
 Parallel Workers: 6
 Concurrent Workers: 2
 Concurrent Refinement Workers: 6
 Periodic GC: Disabled
Heap:
 garbage-first heap   total 109568K, used 45504K [0x00000000c0000000, 0x0000000100000000)
  region size 1024K, 1 young (1024K), 0 survivors (0K)
 Metaspace       used 63308K, committed 63936K, reserved 1114112K
  class space    used 7996K, committed 8256K, reserved 1048576K
GC Heap History (20 events):
Event: 37798.988 GC heap before
{Heap before GC invocations=2582 (full 2276):
 garbage-first heap   total 109568K, used 48387K [0x00000000c0000000, 0x0000000100000000)
  region size 1024K, 1 young (1024K), 0 survivors (0K)
 Metaspace       used 63308K, committed 63936K, reserved 1114112K
  class space    used 7996K, committed 8256K, reserved 1048576K
}
Event: 37799.034 GC heap after
{Heap after GC invocations=2583 (full 2277):
 garbage-first heap   total 109568K, used 48387K [0x00000000c0000000, 0x0000000100000000)
  region size 1024K, 0 young (0K), 0 survivors (0K)
 Metaspace       used 63308K, committed 63936K, reserved 1114112K
  class space    used 7996K, committed 8256K, reserved 1048576K
}
Event: 37809.157 GC heap before
{Heap before GC invocations=2583 (full 2277):
 garbage-first heap   total 109568K, used 48387K [0x00000000c0000000, 0x0000000100000000)
  region size 1024K, 1 young (1024K), 0 survivors (0K)
 Metaspace       used 63308K, committed 63936K, reserved 1114112K
  class space    used 7996K, committed 8256K, reserved 1048576K
}
Event: 37809.203 GC heap after
{Heap after GC invocations=2584 (full 2278):
 garbage-first heap   total 109568K, used 48387K [0x00000000c0000000, 0x0000000100000000)
  region size 1024K, 0 young (0K), 0 survivors (0K)
 Metaspace       used 63308K, committed 63936K, reserved 1114112K
  class space    used 7996K, committed 8256K, reserved 1048576K
}
Event: 37819.325 GC heap before
{Heap before GC invocations=2584 (full 2278):
 garbage-first heap   total 109568K, used 48387K [0x00000000c0000000, 0x0000000100000000)
  region size 1024K, 1 young (1024K), 0 survivors (0K)
 Metaspace       used 63308K, committed 63936K, reserved 1114112K
  class space    used 7996K, committed 8256K, reserved 1048576K
}
Event: 37819.371 GC heap after
{Heap after GC invocations=2585 (full 2279):
 garbage-first heap   total 109568K, used 48387K [0x00000000c0000000, 0x0000000100000000)
  region size 1024K, 0 young (0K), 0 survivors (0K)
 Metaspace       used 63308K, committed 63936K, reserved 1114112K
  class space    used 7996K, committed 8256K, reserved 1048576K
}
Event: 37829.491 GC heap before
{Heap before GC invocations=2585 (full 2279):
 garbage-first heap   total 109568K, used 48387K [0x00000000c0000000, 0x0000000100000000)
  region size 1024K, 1 young (1024K), 0 survivors (0K)
 Metaspace       used 63308K, committed 63936K, reserved 1114112K
  class space    used 7996K, committed 8256K, reserved 1048576K
}
Event: 37829.536 GC heap after
{Heap after GC invocations=2586 (full 2280):
 garbage-first heap   total 109568K, used 48387K [0x00000000c0000000, 0x0000000100000000)
  region size 1024K, 0 young (0K), 0 survivors (0K)
 Metaspace       used 63308K, committed 63936K, reserved 1114112K
  class space    used 7996K, committed 8256K, reserved 1048576K
}
Event: 37839.658 GC heap before
{Heap before GC invocations=2586 (full 2280):
 garbage-first heap   total 109568K, used 48387K [0x00000000c0000000, 0x0000000100000000)
  region size 1024K, 1 young (1024K), 0 survivors (0K)
 Metaspace       used 63308K, committed 63936K, reserved 1114112K
  class space    used 7996K, committed 8256K, reserved 1048576K
}
Event: 37839.704 GC heap after
{Heap after GC invocations=2587 (full 2281):
 garbage-first heap   total 109568K, used 48387K [0x00000000c0000000, 0x0000000100000000)
  region size 1024K, 0 young (0K), 0 survivors (0K)
 Metaspace       used 63308K, committed 63936K, reserved 1114112K
  class space    used 7996K, committed 8256K, reserved 1048576K
}
Event: 37889.836 GC heap before
{Heap before GC invocations=2587 (full 2281):
 garbage-first heap   total 109568K, used 54531K [0x00000000c0000000, 0x0000000100000000)
  region size 1024K, 7 young (7168K), 0 survivors (0K)
 Metaspace       used 63308K, committed 63936K, reserved 1114112K
  class space    used 7996K, committed 8256K, reserved 1048576K
}
Event: 37889.883 GC heap after
{Heap after GC invocations=2588 (full 2282):
 garbage-first heap   total 109568K, used 45639K [0x00000000c0000000, 0x0000000100000000)
  region size 1024K, 0 young (0K), 0 survivors (0K)
 Metaspace       used 63308K, committed 63936K, reserved 1114112K
  class space    used 7996K, committed 8256K, reserved 1048576K
}
Event: 37900.073 GC heap before
{Heap before GC invocations=2588 (full 2282):
 garbage-first heap   total 109568K, used 45639K [0x00000000c0000000, 0x0000000100000000)
  region size 1024K, 1 young (1024K), 0 survivors (0K)
 Metaspace       used 63308K, committed 63936K, reserved 1114112K
  class space    used 7996K, committed 8256K, reserved 1048576K
}
Event: 37900.127 GC heap after
{Heap after GC invocations=2589 (full 2283):
 garbage-first heap   total 109568K, used 45639K [0x00000000c0000000, 0x0000000100000000)
  region size 1024K, 0 young (0K), 0 survivors (0K)
 Metaspace       used 63308K, committed 63936K, reserved 1114112K
  class space    used 7996K, committed 8256K, reserved 1048576K
}
Event: 37910.305 GC heap before
{Heap before GC invocations=2589 (full 2283):
 garbage-first heap   total 109568K, used 45639K [0x00000000c0000000, 0x0000000100000000)
  region size 1024K, 1 young (1024K), 0 survivors (0K)
 Metaspace       used 63308K, committed 63936K, reserved 1114112K
  class space    used 7996K, committed 8256K, reserved 1048576K
}
Event: 37910.352 GC heap after
{Heap after GC invocations=2590 (full 2284):
 garbage-first heap   total 109568K, used 45638K [0x00000000c0000000, 0x0000000100000000)
  region size 1024K, 0 young (0K), 0 survivors (0K)
 Metaspace       used 63308K, committed 63936K, reserved 1114112K
  class space    used 7996K, committed 8256K, reserved 1048576K
}
Event: 37920.483 GC heap before
{Heap before GC invocations=2590 (full 2284):
 garbage-first heap   total 109568K, used 45638K [0x00000000c0000000, 0x0000000100000000)
  region size 1024K, 1 young (1024K), 0 survivors (0K)
 Metaspace       used 63308K, committed 63936K, reserved 1114112K
  class space    used 7996K, committed 8256K, reserved 1048576K
}
Event: 37920.529 GC heap after
{Heap after GC invocations=2591 (full 2285):
 garbage-first heap   total 109568K, used 45504K [0x00000000c0000000, 0x0000000100000000)
  region size 1024K, 0 young (0K), 0 survivors (0K)
 Metaspace       used 63308K, committed 63936K, reserved 1114112K
  class space    used 7996K, committed 8256K, reserved 1048576K
}
Event: 37930.661 GC heap before
{Heap before GC invocations=2591 (full 2285):
 garbage-first heap   total 109568K, used 45504K [0x00000000c0000000, 0x0000000100000000)
  region size 1024K, 1 young (1024K), 0 survivors (0K)
 Metaspace       used 63308K, committed 63936K, reserved 1114112K
  class space    used 7996K, committed 8256K, reserved 1048576K
}
Event: 37930.708 GC heap after
{Heap after GC invocations=2592 (full 2286):
 garbage-first heap   total 109568K, used 45504K [0x00000000c0000000, 0x0000000100000000)
  region size 1024K, 0 young (0K), 0 survivors (0K)
 Metaspace       used 63308K, committed 63936K, reserved 1114112K
  class space    used 7996K, committed 8256K, reserved 1048576K
}

