# JRE version: OpenJDK Runtime Environment Temurin-17.0.11+9 (17.0.11+9) (build 17.0.11+9)
# Java VM: OpenJDK 64-Bit Server VM Temurin-17.0.11+9 (17.0.11+9, mixed mode, emulated-client, tiered, compressed oops, compressed class ptrs, g1 gc, windows-amd64)
GC Precious Log:
 CPUs: 6 total, 6 available
 Memory: 16315M
 Large Page Support: Disabled
 NUMA Support: Disabled
 Compressed Oops: Enabled (32-bit)
 Heap Region Size: 1M
 Heap Min Capacity: 8M
 Heap Initial Capacity: 256M
 Heap Max Capacity: 1G
 Pre-touch: Disabled
 Parallel Workers: 6
 Concurrent Workers: 2
 Concurrent Refinement Workers: 6
 Periodic GC: Disabled
Heap:
 garbage-first heap   total 112640K, used 33696K [0x00000000c0000000, 0x0000000100000000)
  region size 1024K, 1 young (1024K), 0 survivors (0K)
 Metaspace       used 57902K, committed 58688K, reserved 1114112K
  class space    used 7159K, committed 7488K, reserved 1048576K
GC Heap History (20 events):
Event: 17231.748 GC heap before
{Heap before GC invocations=1710 (full 1693):
 garbage-first heap   total 112640K, used 33681K [0x00000000c0000000, 0x0000000100000000)
  region size 1024K, 1 young (1024K), 0 survivors (0K)
 Metaspace       used 57879K, committed 58688K, reserved 1114112K
  class space    used 7156K, committed 7488K, reserved 1048576K
}
Event: 17231.769 GC heap after
{Heap after GC invocations=1711 (full 1694):
 garbage-first heap   total 112640K, used 33681K [0x00000000c0000000, 0x0000000100000000)
  region size 1024K, 0 young (0K), 0 survivors (0K)
 Metaspace       used 57879K, committed 58688K, reserved 1114112K
  class space    used 7156K, committed 7488K, reserved 1048576K
}
Event: 17241.879 GC heap before
{Heap before GC invocations=1711 (full 1694):
 garbage-first heap   total 112640K, used 33681K [0x00000000c0000000, 0x0000000100000000)
  region size 1024K, 1 young (1024K), 0 survivors (0K)
 Metaspace       used 57879K, committed 58688K, reserved 1114112K
  class space    used 7156K, committed 7488K, reserved 1048576K
}
Event: 17241.899 GC heap after
{Heap after GC invocations=1712 (full 1695):
 garbage-first heap   total 112640K, used 33681K [0x00000000c0000000, 0x0000000100000000)
  region size 1024K, 0 young (0K), 0 survivors (0K)
 Metaspace       used 57879K, committed 58688K, reserved 1114112K
  class space    used 7156K, committed 7488K, reserved 1048576K
}
Event: 17252.010 GC heap before
{Heap before GC invocations=1712 (full 1695):
 garbage-first heap   total 112640K, used 33681K [0x00000000c0000000, 0x0000000100000000)
  region size 1024K, 1 young (1024K), 0 survivors (0K)
 Metaspace       used 57879K, committed 58688K, reserved 1114112K
  class space    used 7156K, committed 7488K, reserved 1048576K
}
Event: 17252.030 GC heap after
{Heap after GC invocations=1713 (full 1696):
 garbage-first heap   total 112640K, used 33681K [0x00000000c0000000, 0x0000000100000000)
  region size 1024K, 0 young (0K), 0 survivors (0K)
 Metaspace       used 57879K, committed 58688K, reserved 1114112K
  class space    used 7156K, committed 7488K, reserved 1048576K
}
Event: 17262.144 GC heap before
{Heap before GC invocations=1713 (full 1696):
 garbage-first heap   total 112640K, used 33681K [0x00000000c0000000, 0x0000000100000000)
  region size 1024K, 1 young (1024K), 0 survivors (0K)
 Metaspace       used 57879K, committed 58688K, reserved 1114112K
  class space    used 7156K, committed 7488K, reserved 1048576K
}
Event: 17262.164 GC heap after
{Heap after GC invocations=1714 (full 1697):
 garbage-first heap   total 112640K, used 33681K [0x00000000c0000000, 0x0000000100000000)
  region size 1024K, 0 young (0K), 0 survivors (0K)
 Metaspace       used 57879K, committed 58688K, reserved 1114112K
  class space    used 7156K, committed 7488K, reserved 1048576K
}
Event: 17272.282 GC heap before
{Heap before GC invocations=1714 (full 1697):
 garbage-first heap   total 112640K, used 33681K [0x00000000c0000000, 0x0000000100000000)
  region size 1024K, 1 young (1024K), 0 survivors (0K)
 Metaspace       used 57879K, committed 58688K, reserved 1114112K
  class space    used 7156K, committed 7488K, reserved 1048576K
}
Event: 17272.304 GC heap after
{Heap after GC invocations=1715 (full 1698):
 garbage-first heap   total 112640K, used 33681K [0x00000000c0000000, 0x0000000100000000)
  region size 1024K, 0 young (0K), 0 survivors (0K)
 Metaspace       used 57879K, committed 58688K, reserved 1114112K
  class space    used 7156K, committed 7488K, reserved 1048576K
}
Event: 17282.416 GC heap before
{Heap before GC invocations=1715 (full 1698):
 garbage-first heap   total 112640K, used 33681K [0x00000000c0000000, 0x0000000100000000)
  region size 1024K, 1 young (1024K), 0 survivors (0K)
 Metaspace       used 57879K, committed 58688K, reserved 1114112K
  class space    used 7156K, committed 7488K, reserved 1048576K
}
Event: 17282.437 GC heap after
{Heap after GC invocations=1716 (full 1699):
 garbage-first heap   total 112640K, used 33681K [0x00000000c0000000, 0x0000000100000000)
  region size 1024K, 0 young (0K), 0 survivors (0K)
 Metaspace       used 57879K, committed 58688K, reserved 1114112K
  class space    used 7156K, committed 7488K, reserved 1048576K
}
Event: 17292.556 GC heap before
{Heap before GC invocations=1716 (full 1699):
 garbage-first heap   total 112640K, used 33681K [0x00000000c0000000, 0x0000000100000000)
  region size 1024K, 1 young (1024K), 0 survivors (0K)
 Metaspace       used 57879K, committed 58688K, reserved 1114112K
  class space    used 7156K, committed 7488K, reserved 1048576K
}
Event: 17292.576 GC heap after
{Heap after GC invocations=1717 (full 1700):
 garbage-first heap   total 112640K, used 33681K [0x00000000c0000000, 0x0000000100000000)
  region size 1024K, 0 young (0K), 0 survivors (0K)
 Metaspace       used 57879K, committed 58688K, reserved 1114112K
  class space    used 7156K, committed 7488K, reserved 1048576K
}
Event: 17302.690 GC heap before
{Heap before GC invocations=1717 (full 1700):
 garbage-first heap   total 112640K, used 33681K [0x00000000c0000000, 0x0000000100000000)
  region size 1024K, 1 young (1024K), 0 survivors (0K)
 Metaspace       used 57879K, committed 58688K, reserved 1114112K
  class space    used 7156K, committed 7488K, reserved 1048576K
}
Event: 17302.710 GC heap after
{Heap after GC invocations=1718 (full 1701):
 garbage-first heap   total 112640K, used 33681K [0x00000000c0000000, 0x0000000100000000)
  region size 1024K, 0 young (0K), 0 survivors (0K)
 Metaspace       used 57879K, committed 58688K, reserved 1114112K
  class space    used 7156K, committed 7488K, reserved 1048576K
}
Event: 17312.837 GC heap before
{Heap before GC invocations=1718 (full 1701):
 garbage-first heap   total 112640K, used 33681K [0x00000000c0000000, 0x0000000100000000)
  region size 1024K, 1 young (1024K), 0 survivors (0K)
 Metaspace       used 57879K, committed 58688K, reserved 1114112K
  class space    used 7156K, committed 7488K, reserved 1048576K
}
Event: 17312.859 GC heap after
{Heap after GC invocations=1719 (full 1702):
 garbage-first heap   total 112640K, used 33681K [0x00000000c0000000, 0x0000000100000000)
  region size 1024K, 0 young (0K), 0 survivors (0K)
 Metaspace       used 57879K, committed 58688K, reserved 1114112K
  class space    used 7156K, committed 7488K, reserved 1048576K
}
Event: 17333.024 GC heap before
{Heap before GC invocations=1719 (full 1702):
 garbage-first heap   total 112640K, used 33681K [0x00000000c0000000, 0x0000000100000000)
  region size 1024K, 1 young (1024K), 0 survivors (0K)
 Metaspace       used 57902K, committed 58688K, reserved 1114112K
  class space    used 7159K, committed 7488K, reserved 1048576K
}
Event: 17333.045 GC heap after
{Heap after GC invocations=1720 (full 1703):
 garbage-first heap   total 112640K, used 33696K [0x00000000c0000000, 0x0000000100000000)
  region size 1024K, 0 young (0K), 0 survivors (0K)
 Metaspace       used 57902K, committed 58688K, reserved 1114112K
  class space    used 7159K, committed 7488K, reserved 1048576K
}

