# JRE version: OpenJDK Runtime Environment Temurin-17.0.11+9 (17.0.11+9) (build 17.0.11+9)
# Java VM: OpenJDK 64-Bit Server VM Temurin-17.0.11+9 (17.0.11+9, mixed mode, tiered, compressed oops, compressed class ptrs, parallel gc, windows-amd64)
GC Precious Log:
 CPUs: 6 total, 6 available
 Memory: 16315M
 Large Page Support: Disabled
 NUMA Support: Disabled
 Compressed Oops: Enabled (32-bit)
 Alignments: Space 512K, Generation 512K, Heap 2M
 Heap Min Capacity: 100M
 Heap Initial Capacity: 100M
 Heap Max Capacity: 1G
 Pre-touch: Disabled
 Parallel Workers: 6
Heap:
 PSYoungGen      total 18432K, used 2977K [0x00000000eab00000, 0x00000000ebf00000, 0x0000000100000000)
  eden space 17408K, 13% used [0x00000000eab00000,0x00000000ead3fd50,0x00000000ebc00000)
  from space 1024K, 65% used [0x00000000ebe00000,0x00000000ebea8a78,0x00000000ebf00000)
  to   space 1024K, 0% used [0x00000000ebd00000,0x00000000ebd00000,0x00000000ebe00000)
 ParOldGen       total 88064K, used 71708K [0x00000000c0000000, 0x00000000c5600000, 0x00000000eab00000)
  object space 88064K, 81% used [0x00000000c0000000,0x00000000c46073a8,0x00000000c5600000)
 Metaspace       used 64741K, committed 65920K, reserved 1114112K
  class space    used 6858K, committed 7360K, reserved 1048576K
GC Heap History (20 events):
Event: 6.552 GC heap before
{Heap before GC invocations=49 (full 4):
 PSYoungGen      total 20480K, used 20230K [0x00000000eab00000, 0x00000000ec280000, 0x0000000100000000)
  eden space 17920K, 100% used [0x00000000eab00000,0x00000000ebc80000,0x00000000ebc80000)
  from space 2560K, 90% used [0x00000000ebd00000,0x00000000ebf41868,0x00000000ebf80000)
  to   space 3072K, 0% used [0x00000000ebf80000,0x00000000ebf80000,0x00000000ec280000)
 ParOldGen       total 88064K, used 62867K [0x00000000c0000000, 0x00000000c5600000, 0x00000000eab00000)
  object space 88064K, 71% used [0x00000000c0000000,0x00000000c3d64fa8,0x00000000c5600000)
 Metaspace       used 64639K, committed 65856K, reserved 1114112K
  class space    used 6855K, committed 7360K, reserved 1048576K
}
Event: 6.553 GC heap after
{Heap after GC invocations=49 (full 4):
 PSYoungGen      total 20992K, used 2662K [0x00000000eab00000, 0x00000000ec280000, 0x0000000100000000)
  eden space 17920K, 0% used [0x00000000eab00000,0x00000000eab00000,0x00000000ebc80000)
  from space 3072K, 86% used [0x00000000ebf80000,0x00000000ec219888,0x00000000ec280000)
  to   space 3072K, 0% used [0x00000000ebc80000,0x00000000ebc80000,0x00000000ebf80000)
 ParOldGen       total 88064K, used 62867K [0x00000000c0000000, 0x00000000c5600000, 0x00000000eab00000)
  object space 88064K, 71% used [0x00000000c0000000,0x00000000c3d64fa8,0x00000000c5600000)
 Metaspace       used 64639K, committed 65856K, reserved 1114112K
  class space    used 6855K, committed 7360K, reserved 1048576K
}
Event: 6.591 GC heap before
{Heap before GC invocations=50 (full 4):
 PSYoungGen      total 20992K, used 20582K [0x00000000eab00000, 0x00000000ec280000, 0x0000000100000000)
  eden space 17920K, 100% used [0x00000000eab00000,0x00000000ebc80000,0x00000000ebc80000)
  from space 3072K, 86% used [0x00000000ebf80000,0x00000000ec219888,0x00000000ec280000)
  to   space 3072K, 0% used [0x00000000ebc80000,0x00000000ebc80000,0x00000000ebf80000)
 ParOldGen       total 88064K, used 62867K [0x00000000c0000000, 0x00000000c5600000, 0x00000000eab00000)
  object space 88064K, 71% used [0x00000000c0000000,0x00000000c3d64fa8,0x00000000c5600000)
 Metaspace       used 64649K, committed 65856K, reserved 1114112K
  class space    used 6855K, committed 7360K, reserved 1048576K
}
Event: 6.593 GC heap after
{Heap after GC invocations=50 (full 4):
 PSYoungGen      total 20992K, used 3046K [0x00000000eab00000, 0x00000000ec580000, 0x0000000100000000)
  eden space 17920K, 0% used [0x00000000eab00000,0x00000000eab00000,0x00000000ebc80000)
  from space 3072K, 99% used [0x00000000ebc80000,0x00000000ebf79bf8,0x00000000ebf80000)
  to   space 4608K, 0% used [0x00000000ec100000,0x00000000ec100000,0x00000000ec580000)
 ParOldGen       total 88064K, used 64080K [0x00000000c0000000, 0x00000000c5600000, 0x00000000eab00000)
  object space 88064K, 72% used [0x00000000c0000000,0x00000000c3e940a0,0x00000000c5600000)
 Metaspace       used 64649K, committed 65856K, reserved 1114112K
  class space    used 6855K, committed 7360K, reserved 1048576K
}
Event: 6.620 GC heap before
{Heap before GC invocations=51 (full 4):
 PSYoungGen      total 20992K, used 20966K [0x00000000eab00000, 0x00000000ec580000, 0x0000000100000000)
  eden space 17920K, 100% used [0x00000000eab00000,0x00000000ebc80000,0x00000000ebc80000)
  from space 3072K, 99% used [0x00000000ebc80000,0x00000000ebf79bf8,0x00000000ebf80000)
  to   space 4608K, 0% used [0x00000000ec100000,0x00000000ec100000,0x00000000ec580000)
 ParOldGen       total 88064K, used 64080K [0x00000000c0000000, 0x00000000c5600000, 0x00000000eab00000)
  object space 88064K, 72% used [0x00000000c0000000,0x00000000c3e940a0,0x00000000c5600000)
 Metaspace       used 64686K, committed 65856K, reserved 1114112K
  class space    used 6856K, committed 7360K, reserved 1048576K
}
Event: 6.621 GC heap after
{Heap after GC invocations=51 (full 4):
 PSYoungGen      total 19968K, used 1985K [0x00000000eab00000, 0x00000000ec300000, 0x0000000100000000)
  eden space 17920K, 0% used [0x00000000eab00000,0x00000000eab00000,0x00000000ebc80000)
  from space 2048K, 96% used [0x00000000ec100000,0x00000000ec2f04b8,0x00000000ec300000)
  to   space 3072K, 0% used [0x00000000ebd00000,0x00000000ebd00000,0x00000000ec000000)
 ParOldGen       total 88064K, used 66063K [0x00000000c0000000, 0x00000000c5600000, 0x00000000eab00000)
  object space 88064K, 75% used [0x00000000c0000000,0x00000000c4083cb0,0x00000000c5600000)
 Metaspace       used 64686K, committed 65856K, reserved 1114112K
  class space    used 6856K, committed 7360K, reserved 1048576K
}
Event: 6.652 GC heap before
{Heap before GC invocations=52 (full 4):
 PSYoungGen      total 19968K, used 19905K [0x00000000eab00000, 0x00000000ec300000, 0x0000000100000000)
  eden space 17920K, 99% used [0x00000000eab00000,0x00000000ebc7ffa8,0x00000000ebc80000)
  from space 2048K, 96% used [0x00000000ec100000,0x00000000ec2f04b8,0x00000000ec300000)
  to   space 3072K, 0% used [0x00000000ebd00000,0x00000000ebd00000,0x00000000ec000000)
 ParOldGen       total 88064K, used 66063K [0x00000000c0000000, 0x00000000c5600000, 0x00000000eab00000)
  object space 88064K, 75% used [0x00000000c0000000,0x00000000c4083cb0,0x00000000c5600000)
 Metaspace       used 64710K, committed 65920K, reserved 1114112K
  class space    used 6858K, committed 7360K, reserved 1048576K
}
Event: 6.654 GC heap after
{Heap after GC invocations=52 (full 4):
 PSYoungGen      total 20480K, used 2421K [0x00000000eab00000, 0x00000000ec180000, 0x0000000100000000)
  eden space 17920K, 0% used [0x00000000eab00000,0x00000000eab00000,0x00000000ebc80000)
  from space 2560K, 94% used [0x00000000ebd00000,0x00000000ebf5d4d0,0x00000000ebf80000)
  to   space 2048K, 0% used [0x00000000ebf80000,0x00000000ebf80000,0x00000000ec180000)
 ParOldGen       total 88064K, used 66071K [0x00000000c0000000, 0x00000000c5600000, 0x00000000eab00000)
  object space 88064K, 75% used [0x00000000c0000000,0x00000000c4085cb0,0x00000000c5600000)
 Metaspace       used 64710K, committed 65920K, reserved 1114112K
  class space    used 6858K, committed 7360K, reserved 1048576K
}
Event: 6.676 GC heap before
{Heap before GC invocations=53 (full 4):
 PSYoungGen      total 20480K, used 20341K [0x00000000eab00000, 0x00000000ec180000, 0x0000000100000000)
  eden space 17920K, 100% used [0x00000000eab00000,0x00000000ebc80000,0x00000000ebc80000)
  from space 2560K, 94% used [0x00000000ebd00000,0x00000000ebf5d4d0,0x00000000ebf80000)
  to   space 2048K, 0% used [0x00000000ebf80000,0x00000000ebf80000,0x00000000ec180000)
 ParOldGen       total 88064K, used 66071K [0x00000000c0000000, 0x00000000c5600000, 0x00000000eab00000)
  object space 88064K, 75% used [0x00000000c0000000,0x00000000c4085cb0,0x00000000c5600000)
 Metaspace       used 64720K, committed 65920K, reserved 1114112K
  class space    used 6858K, committed 7360K, reserved 1048576K
}
Event: 6.678 GC heap after
{Heap after GC invocations=53 (full 4):
 PSYoungGen      total 19456K, used 2018K [0x00000000eab00000, 0x00000000ec380000, 0x0000000100000000)
  eden space 17408K, 0% used [0x00000000eab00000,0x00000000eab00000,0x00000000ebc00000)
  from space 2048K, 98% used [0x00000000ebf80000,0x00000000ec178bc0,0x00000000ec180000)
  to   space 3584K, 0% used [0x00000000ebc00000,0x00000000ebc00000,0x00000000ebf80000)
 ParOldGen       total 88064K, used 67047K [0x00000000c0000000, 0x00000000c5600000, 0x00000000eab00000)
  object space 88064K, 76% used [0x00000000c0000000,0x00000000c4179ef0,0x00000000c5600000)
 Metaspace       used 64720K, committed 65920K, reserved 1114112K
  class space    used 6858K, committed 7360K, reserved 1048576K
}
Event: 6.697 GC heap before
{Heap before GC invocations=54 (full 4):
 PSYoungGen      total 19456K, used 19426K [0x00000000eab00000, 0x00000000ec380000, 0x0000000100000000)
  eden space 17408K, 100% used [0x00000000eab00000,0x00000000ebc00000,0x00000000ebc00000)
  from space 2048K, 98% used [0x00000000ebf80000,0x00000000ec178bc0,0x00000000ec180000)
  to   space 3584K, 0% used [0x00000000ebc00000,0x00000000ebc00000,0x00000000ebf80000)
 ParOldGen       total 88064K, used 67047K [0x00000000c0000000, 0x00000000c5600000, 0x00000000eab00000)
  object space 88064K, 76% used [0x00000000c0000000,0x00000000c4179ef0,0x00000000c5600000)
 Metaspace       used 64722K, committed 65920K, reserved 1114112K
  class space    used 6858K, committed 7360K, reserved 1048576K
}
Event: 6.699 GC heap after
{Heap after GC invocations=54 (full 4):
 PSYoungGen      total 19968K, used 2257K [0x00000000eab00000, 0x00000000ec100000, 0x0000000100000000)
  eden space 17408K, 0% used [0x00000000eab00000,0x00000000eab00000,0x00000000ebc00000)
  from space 2560K, 88% used [0x00000000ebc00000,0x00000000ebe346e8,0x00000000ebe80000)
  to   space 2560K, 0% used [0x00000000ebe80000,0x00000000ebe80000,0x00000000ec100000)
 ParOldGen       total 88064K, used 68476K [0x00000000c0000000, 0x00000000c5600000, 0x00000000eab00000)
  object space 88064K, 77% used [0x00000000c0000000,0x00000000c42df120,0x00000000c5600000)
 Metaspace       used 64722K, committed 65920K, reserved 1114112K
  class space    used 6858K, committed 7360K, reserved 1048576K
}
Event: 6.721 GC heap before
{Heap before GC invocations=55 (full 4):
 PSYoungGen      total 19968K, used 19665K [0x00000000eab00000, 0x00000000ec100000, 0x0000000100000000)
  eden space 17408K, 100% used [0x00000000eab00000,0x00000000ebc00000,0x00000000ebc00000)
  from space 2560K, 88% used [0x00000000ebc00000,0x00000000ebe346e8,0x00000000ebe80000)
  to   space 2560K, 0% used [0x00000000ebe80000,0x00000000ebe80000,0x00000000ec100000)
 ParOldGen       total 88064K, used 68476K [0x00000000c0000000, 0x00000000c5600000, 0x00000000eab00000)
  object space 88064K, 77% used [0x00000000c0000000,0x00000000c42df120,0x00000000c5600000)
 Metaspace       used 64733K, committed 65920K, reserved 1114112K
  class space    used 6858K, committed 7360K, reserved 1048576K
}
Event: 6.723 GC heap after
{Heap after GC invocations=55 (full 4):
 PSYoungGen      total 19968K, used 2452K [0x00000000eab00000, 0x00000000ec100000, 0x0000000100000000)
  eden space 17408K, 0% used [0x00000000eab00000,0x00000000eab00000,0x00000000ebc00000)
  from space 2560K, 95% used [0x00000000ebe80000,0x00000000ec0e5218,0x00000000ec100000)
  to   space 2560K, 0% used [0x00000000ebc00000,0x00000000ebc00000,0x00000000ebe80000)
 ParOldGen       total 88064K, used 68732K [0x00000000c0000000, 0x00000000c5600000, 0x00000000eab00000)
  object space 88064K, 78% used [0x00000000c0000000,0x00000000c431f258,0x00000000c5600000)
 Metaspace       used 64733K, committed 65920K, reserved 1114112K
  class space    used 6858K, committed 7360K, reserved 1048576K
}
Event: 6.745 GC heap before
{Heap before GC invocations=56 (full 4):
 PSYoungGen      total 19968K, used 19860K [0x00000000eab00000, 0x00000000ec100000, 0x0000000100000000)
  eden space 17408K, 100% used [0x00000000eab00000,0x00000000ebc00000,0x00000000ebc00000)
  from space 2560K, 95% used [0x00000000ebe80000,0x00000000ec0e5218,0x00000000ec100000)
  to   space 2560K, 0% used [0x00000000ebc00000,0x00000000ebc00000,0x00000000ebe80000)
 ParOldGen       total 88064K, used 68732K [0x00000000c0000000, 0x00000000c5600000, 0x00000000eab00000)
  object space 88064K, 78% used [0x00000000c0000000,0x00000000c431f258,0x00000000c5600000)
 Metaspace       used 64733K, committed 65920K, reserved 1114112K
  class space    used 6858K, committed 7360K, reserved 1048576K
}
Event: 6.747 GC heap after
{Heap after GC invocations=56 (full 4):
 PSYoungGen      total 19968K, used 2505K [0x00000000eab00000, 0x00000000ec100000, 0x0000000100000000)
  eden space 17408K, 0% used [0x00000000eab00000,0x00000000eab00000,0x00000000ebc00000)
  from space 2560K, 97% used [0x00000000ebc00000,0x00000000ebe72418,0x00000000ebe80000)
  to   space 2560K, 0% used [0x00000000ebe80000,0x00000000ebe80000,0x00000000ec100000)
 ParOldGen       total 88064K, used 69090K [0x00000000c0000000, 0x00000000c5600000, 0x00000000eab00000)
  object space 88064K, 78% used [0x00000000c0000000,0x00000000c4378910,0x00000000c5600000)
 Metaspace       used 64733K, committed 65920K, reserved 1114112K
  class space    used 6858K, committed 7360K, reserved 1048576K
}
Event: 6.767 GC heap before
{Heap before GC invocations=57 (full 4):
 PSYoungGen      total 19968K, used 19913K [0x00000000eab00000, 0x00000000ec100000, 0x0000000100000000)
  eden space 17408K, 100% used [0x00000000eab00000,0x00000000ebc00000,0x00000000ebc00000)
  from space 2560K, 97% used [0x00000000ebc00000,0x00000000ebe72418,0x00000000ebe80000)
  to   space 2560K, 0% used [0x00000000ebe80000,0x00000000ebe80000,0x00000000ec100000)
 ParOldGen       total 88064K, used 69090K [0x00000000c0000000, 0x00000000c5600000, 0x00000000eab00000)
  object space 88064K, 78% used [0x00000000c0000000,0x00000000c4378910,0x00000000c5600000)
 Metaspace       used 64735K, committed 65920K, reserved 1114112K
  class space    used 6858K, committed 7360K, reserved 1048576K
}
Event: 6.769 GC heap after
{Heap after GC invocations=57 (full 4):
 PSYoungGen      total 18432K, used 938K [0x00000000eab00000, 0x00000000ebf80000, 0x0000000100000000)
  eden space 17408K, 0% used [0x00000000eab00000,0x00000000eab00000,0x00000000ebc00000)
  from space 1024K, 91% used [0x00000000ebe80000,0x00000000ebf6aba0,0x00000000ebf80000)
  to   space 1536K, 0% used [0x00000000ebc80000,0x00000000ebc80000,0x00000000ebe00000)
 ParOldGen       total 88064K, used 70943K [0x00000000c0000000, 0x00000000c5600000, 0x00000000eab00000)
  object space 88064K, 80% used [0x00000000c0000000,0x00000000c4547f98,0x00000000c5600000)
 Metaspace       used 64735K, committed 65920K, reserved 1114112K
  class space    used 6858K, committed 7360K, reserved 1048576K
}
Event: 6.787 GC heap before
{Heap before GC invocations=58 (full 4):
 PSYoungGen      total 18432K, used 18346K [0x00000000eab00000, 0x00000000ebf80000, 0x0000000100000000)
  eden space 17408K, 100% used [0x00000000eab00000,0x00000000ebc00000,0x00000000ebc00000)
  from space 1024K, 91% used [0x00000000ebe80000,0x00000000ebf6aba0,0x00000000ebf80000)
  to   space 1536K, 0% used [0x00000000ebc80000,0x00000000ebc80000,0x00000000ebe00000)
 ParOldGen       total 88064K, used 70943K [0x00000000c0000000, 0x00000000c5600000, 0x00000000eab00000)
  object space 88064K, 80% used [0x00000000c0000000,0x00000000c4547f98,0x00000000c5600000)
 Metaspace       used 64741K, committed 65920K, reserved 1114112K
  class space    used 6858K, committed 7360K, reserved 1048576K
}
Event: 6.788 GC heap after
{Heap after GC invocations=58 (full 4):
 PSYoungGen      total 18944K, used 160K [0x00000000eab00000, 0x00000000ebf00000, 0x0000000100000000)
  eden space 17408K, 0% used [0x00000000eab00000,0x00000000eab00000,0x00000000ebc00000)
  from space 1536K, 10% used [0x00000000ebc80000,0x00000000ebca8000,0x00000000ebe00000)
  to   space 1024K, 0% used [0x00000000ebe00000,0x00000000ebe00000,0x00000000ebf00000)
 ParOldGen       total 88064K, used 71642K [0x00000000c0000000, 0x00000000c5600000, 0x00000000eab00000)
  object space 88064K, 81% used [0x00000000c0000000,0x00000000c45f68e0,0x00000000c5600000)
 Metaspace       used 64741K, committed 65920K, reserved 1114112K
  class space    used 6858K, committed 7360K, reserved 1048576K
}

